<?xml version="1.0" encoding="UTF-8"?>
<!-- Generated by org.testng.reporters.JUnitReportReporter -->
<testsuite hostname="DELL-M7HRPQSS6U" failures="0" tests="1" name="MavenSelenium.MavenSelenium.module1.AppTest" time="0.006" errors="0" timestamp="2024-10-01T17:45:09 IST" skipped="0">
  <testcase classname="MavenSelenium.MavenSelenium.module1.AppTest" name="testMain" time="0.006"/>
</testsuite> <!-- MavenSelenium.MavenSelenium.module1.AppTest -->
