<?xml version="1.0" encoding="UTF-8"?>
<!-- Generated by org.testng.reporters.JUnitReportReporter -->
<testsuite hostname="DELL-M7HRPQSS6U" failures="0" tests="1" name="MavenSelenium.MavenSelenium.module1.Test4" time="33.128" errors="0" timestamp="2024-10-02T00:11:20 IST" skipped="0">
  <testcase classname="MavenSelenium.MavenSelenium.module1.Test4" name="Edit_Amazon_Profile" time="33.128"/>
  <system-out/>
</testsuite> <!-- MavenSelenium.MavenSelenium.module1.Test4 -->
