<?xml version="1.0" encoding="UTF-8"?>
<!-- Generated by org.testng.reporters.JUnitReportReporter -->
<testsuite hostname="DELL-M7HRPQSS6U" failures="0" tests="1" name="MavenSelenium.MavenSelenium.module1.Test9" time="14.816" errors="0" timestamp="2024-10-14T13:32:46 IST" skipped="0">
  <testcase classname="MavenSelenium.MavenSelenium.module1.Test9" name="Add_Prod_to_cart" time="14.816"/>
  <system-out/>
</testsuite> <!-- MavenSelenium.MavenSelenium.module1.Test9 -->
