<?xml version="1.0" encoding="UTF-8"?>
<!-- Generated by org.testng.reporters.JUnitReportReporter -->
<testsuite hostname="DELL-M7HRPQSS6U" failures="0" tests="1" name="MavenSelenium.MavenSelenium.module1.Test5" time="11.824" errors="0" timestamp="2024-10-06T20:30:26 IST" skipped="0">
  <testcase classname="MavenSelenium.MavenSelenium.module1.Test5" name="Edit_Amazon_Profile" time="11.824"/>
  <system-out/>
</testsuite> <!-- MavenSelenium.MavenSelenium.module1.Test5 -->
