<?xml version="1.0" encoding="UTF-8"?>
<!-- Generated by org.testng.reporters.JUnitReportReporter -->
<testsuite hostname="DELL-M7HRPQSS6U" failures="0" tests="1" name="MavenSelenium.MavenSelenium.module1.Test10" time="9.466" errors="0" timestamp="2024-10-06T19:04:41 IST" skipped="0">
  <testcase classname="MavenSelenium.MavenSelenium.module1.Test10" name="Edit_Items_In_Cart" time="9.466"/>
  <system-out/>
</testsuite> <!-- MavenSelenium.MavenSelenium.module1.Test10 -->
