<?xml version="1.0" encoding="UTF-8"?>
<!-- Generated by org.testng.reporters.JUnitReportReporter -->
<testsuite hostname="DELL-M7HRPQSS6U" failures="0" tests="1" name="MavenSelenium.MavenSelenium.module1.Test2" time="4.348" errors="0" timestamp="2024-10-01T23:13:56 IST" skipped="0">
  <testcase classname="MavenSelenium.MavenSelenium.module1.Test2" name="Signup_validationTest" time="4.348"/>
  <system-out/>
</testsuite> <!-- MavenSelenium.MavenSelenium.module1.Test2 -->
