<?xml version="1.0" encoding="UTF-8"?>
<!-- Generated by org.testng.reporters.JUnitReportReporter -->
<testsuite hostname="DELL-M7HRPQSS6U" failures="0" tests="1" name="MavenSelenium.MavenSelenium.module1.Test3" time="3.826" errors="0" timestamp="2024-10-01T23:04:29 IST" skipped="0">
  <testcase classname="MavenSelenium.MavenSelenium.module1.Test3" name="Verfiy_Login_failure_invalid_Credentails" time="3.826"/>
  <system-out/>
</testsuite> <!-- MavenSelenium.MavenSelenium.module1.Test3 -->
