<?xml version="1.0" encoding="UTF-8"?>
<!-- Generated by org.testng.reporters.JUnitReportReporter -->
<testsuite hostname="DELL-M7HRPQSS6U" failures="0" tests="1" name="MavenSelenium.MavenSelenium.module1.Test14" time="16.813" errors="0" timestamp="2024-10-06T18:15:55 IST" skipped="0">
  <testcase classname="MavenSelenium.MavenSelenium.module1.Test14" name="Rate_A_Product" time="16.813"/>
  <system-out/>
</testsuite> <!-- MavenSelenium.MavenSelenium.module1.Test14 -->
