<?xml version="1.0" encoding="UTF-8"?>
<!-- Generated by org.testng.reporters.JUnitReportReporter -->
<testsuite hostname="DELL-M7HRPQSS6U" failures="0" tests="1" name="MavenSelenium.MavenSelenium.module1.Test7" time="8.480" errors="0" timestamp="2024-10-07T06:22:49 IST" skipped="0">
  <testcase classname="MavenSelenium.MavenSelenium.module1.Test7" name="Product_details_verification" time="8.480"/>
  <system-out/>
</testsuite> <!-- MavenSelenium.MavenSelenium.module1.Test7 -->
