<?xml version="1.0" encoding="UTF-8"?>
<!-- Generated by org.testng.reporters.JUnitReportReporter -->
<testsuite hostname="DELL-M7HRPQSS6U" failures="0" tests="1" name="MavenSelenium.MavenSelenium.module1.Test8" time="9.143" errors="0" timestamp="2024-10-08T16:44:05 IST" skipped="0">
  <testcase classname="MavenSelenium.MavenSelenium.module1.Test8" name="Sort_Search_results" time="9.143"/>
  <system-out/>
</testsuite> <!-- MavenSelenium.MavenSelenium.module1.Test8 -->
